#! /usr/local/bin/vvp
:ivl_version "11.0 (stable)" "(v11_0-132-gb2f2414f4)";
:ivl_delay_selection "TYPICAL";
:vpi_time_precision + 0;
:vpi_module "/usr/local/lib/ivl/system.vpi";
:vpi_module "/usr/local/lib/ivl/vhdl_sys.vpi";
:vpi_module "/usr/local/lib/ivl/vhdl_textio.vpi";
:vpi_module "/usr/local/lib/ivl/v2005_math.vpi";
:vpi_module "/usr/local/lib/ivl/va_math.vpi";
S_0x584076a943a0 .scope module, "tb_sequential_select" "tb_sequential_select" 2 1;
 .timescale 0 0;
v0x584076ab3130_0 .var "clk", 0 0;
v0x584076ab31f0_0 .var "master_rst", 0 0;
v0x584076ab32c0_0 .var "mux_in", 7 0;
v0x584076ab3390_0 .net "out", 0 0, v0x584076ab1920_0;  1 drivers
v0x584076ab3480_0 .var "start", 0 0;
S_0x584076a94530 .scope module, "uut" "sequential_select" 2 7, 3 1 0, S_0x584076a943a0;
 .timescale 0 0;
    .port_info 0 /OUTPUT 1 "out";
    .port_info 1 /INPUT 1 "start";
    .port_info 2 /INPUT 1 "master_rst";
    .port_info 3 /INPUT 8 "mux_in";
    .port_info 4 /INPUT 1 "clk";
L_0x584076ab3570 .functor AND 1, v0x584076ab3480_0, v0x584076ab3130_0, C4<1>, C4<1>;
L_0x584076ab37c0 .functor NOT 1, L_0x584076ab36d0, C4<0>, C4<0>, C4<0>;
L_0x584076ab3920 .functor NOT 1, L_0x584076ab3880, C4<0>, C4<0>, C4<0>;
L_0x584076ab39e0 .functor AND 1, L_0x584076ab37c0, L_0x584076ab3920, C4<1>, C4<1>;
L_0x584076ab3dd0 .functor NOT 1, L_0x584076ab3d30, C4<0>, C4<0>, C4<0>;
L_0x584076ab4060 .functor NOT 1, L_0x584076ab3fc0, C4<0>, C4<0>, C4<0>;
L_0x584076ab4160 .functor AND 1, L_0x584076ab3ee0, L_0x584076ab4060, C4<1>, C4<1>;
L_0x584076ab4360 .functor AND 1, L_0x584076ab4160, L_0x584076ab4270, C4<1>, C4<1>;
L_0x584076ab44c0 .functor OR 1, v0x584076ab31f0_0, L_0x584076ab4360, C4<0>, C4<0>;
L_0x584076ab45d0 .functor AND 1, v0x584076ab3480_0, L_0x584076ab44c0, C4<1>, C4<1>;
v0x584076ab1c50_0 .net *"_ivl_10", 0 0, L_0x584076ab3920;  1 drivers
v0x584076ab1d30_0 .net *"_ivl_12", 0 0, L_0x584076ab39e0;  1 drivers
v0x584076ab1e10_0 .net *"_ivl_17", 0 0, L_0x584076ab3b20;  1 drivers
v0x584076ab1f00_0 .net *"_ivl_22", 0 0, L_0x584076ab3d30;  1 drivers
v0x584076ab1fe0_0 .net *"_ivl_23", 0 0, L_0x584076ab3dd0;  1 drivers
v0x584076ab2110_0 .net *"_ivl_26", 0 0, L_0x584076ab3ee0;  1 drivers
v0x584076ab21f0_0 .net *"_ivl_28", 0 0, L_0x584076ab3fc0;  1 drivers
v0x584076ab22d0_0 .net *"_ivl_29", 0 0, L_0x584076ab4060;  1 drivers
v0x584076ab23b0_0 .net *"_ivl_31", 0 0, L_0x584076ab4160;  1 drivers
v0x584076ab2490_0 .net *"_ivl_34", 0 0, L_0x584076ab4270;  1 drivers
v0x584076ab2570_0 .net *"_ivl_35", 0 0, L_0x584076ab4360;  1 drivers
v0x584076ab2650_0 .net *"_ivl_37", 0 0, L_0x584076ab44c0;  1 drivers
v0x584076ab2730_0 .net *"_ivl_5", 0 0, L_0x584076ab36d0;  1 drivers
v0x584076ab2810_0 .net *"_ivl_6", 0 0, L_0x584076ab37c0;  1 drivers
v0x584076ab28f0_0 .net *"_ivl_9", 0 0, L_0x584076ab3880;  1 drivers
v0x584076ab29d0_0 .net "clk", 0 0, v0x584076ab3130_0;  1 drivers
v0x584076ab2a90_0 .net "ctr_out", 2 0, v0x584076ab14b0_0;  1 drivers
v0x584076ab2b50_0 .net "master_rst", 0 0, v0x584076ab31f0_0;  1 drivers
v0x584076ab2bf0_0 .net "mux_in", 7 0, v0x584076ab32c0_0;  1 drivers
v0x584076ab2ce0_0 .net "out", 0 0, v0x584076ab1920_0;  alias, 1 drivers
v0x584076ab2db0_0 .net "rst", 0 0, L_0x584076ab45d0;  1 drivers
v0x584076ab2e80_0 .net "sel", 2 0, L_0x584076ab3bc0;  1 drivers
v0x584076ab2f50_0 .net "start", 0 0, v0x584076ab3480_0;  1 drivers
v0x584076ab2ff0_0 .net "start_up", 0 0, L_0x584076ab3570;  1 drivers
L_0x584076ab36d0 .part v0x584076ab14b0_0, 2, 1;
L_0x584076ab3880 .part v0x584076ab14b0_0, 1, 1;
L_0x584076ab3b20 .part v0x584076ab14b0_0, 1, 1;
L_0x584076ab3bc0 .concat8 [ 1 1 1 0], L_0x584076ab3dd0, L_0x584076ab3b20, L_0x584076ab39e0;
L_0x584076ab3d30 .part v0x584076ab14b0_0, 0, 1;
L_0x584076ab3ee0 .part v0x584076ab14b0_0, 2, 1;
L_0x584076ab3fc0 .part v0x584076ab14b0_0, 1, 1;
L_0x584076ab4270 .part v0x584076ab14b0_0, 0, 1;
S_0x584076a97370 .scope module, "ctr_unit" "counter_3bit" 3 19, 4 1 0, S_0x584076a94530;
 .timescale 0 0;
    .port_info 0 /OUTPUT 3 "ctr";
    .port_info 1 /INPUT 1 "clk";
    .port_info 2 /INPUT 1 "rst";
v0x584076a94710_0 .net "clk", 0 0, L_0x584076ab3570;  alias, 1 drivers
v0x584076ab14b0_0 .var "ctr", 2 0;
v0x584076ab1590_0 .net "rst", 0 0, L_0x584076ab45d0;  alias, 1 drivers
E_0x584076a93250 .event posedge, v0x584076ab1590_0, v0x584076a94710_0;
S_0x584076ab16b0 .scope module, "mux_unit" "mux_8_1" 3 25, 5 1 0, S_0x584076a94530;
 .timescale 0 0;
    .port_info 0 /OUTPUT 1 "f";
    .port_info 1 /INPUT 3 "sel";
    .port_info 2 /INPUT 8 "i";
v0x584076ab1920_0 .var "f", 0 0;
v0x584076ab1a00_0 .net "i", 7 0, v0x584076ab32c0_0;  alias, 1 drivers
v0x584076ab1ae0_0 .net "sel", 2 0, L_0x584076ab3bc0;  alias, 1 drivers
E_0x584076a937f0 .event edge, v0x584076ab1ae0_0, v0x584076ab1a00_0;
    .scope S_0x584076a97370;
T_0 ;
    %pushi/vec4 0, 0, 3;
    %store/vec4 v0x584076ab14b0_0, 0, 3;
    %end;
    .thread T_0;
    .scope S_0x584076a97370;
T_1 ;
    %wait E_0x584076a93250;
    %load/vec4 v0x584076ab1590_0;
    %flag_set/vec4 8;
    %jmp/0xz  T_1.0, 8;
    %pushi/vec4 0, 0, 3;
    %assign/vec4 v0x584076ab14b0_0, 0;
    %jmp T_1.1;
T_1.0 ;
    %load/vec4 v0x584076ab14b0_0;
    %addi 1, 0, 3;
    %assign/vec4 v0x584076ab14b0_0, 0;
T_1.1 ;
    %jmp T_1;
    .thread T_1;
    .scope S_0x584076ab16b0;
T_2 ;
    %wait E_0x584076a937f0;
    %load/vec4 v0x584076ab1ae0_0;
    %dup/vec4;
    %pushi/vec4 0, 0, 3;
    %cmp/u;
    %jmp/1 T_2.0, 6;
    %dup/vec4;
    %pushi/vec4 1, 0, 3;
    %cmp/u;
    %jmp/1 T_2.1, 6;
    %dup/vec4;
    %pushi/vec4 2, 0, 3;
    %cmp/u;
    %jmp/1 T_2.2, 6;
    %dup/vec4;
    %pushi/vec4 3, 0, 3;
    %cmp/u;
    %jmp/1 T_2.3, 6;
    %dup/vec4;
    %pushi/vec4 4, 0, 3;
    %cmp/u;
    %jmp/1 T_2.4, 6;
    %dup/vec4;
    %pushi/vec4 5, 0, 3;
    %cmp/u;
    %jmp/1 T_2.5, 6;
    %dup/vec4;
    %pushi/vec4 6, 0, 3;
    %cmp/u;
    %jmp/1 T_2.6, 6;
    %dup/vec4;
    %pushi/vec4 7, 0, 3;
    %cmp/u;
    %jmp/1 T_2.7, 6;
    %jmp T_2.8;
T_2.0 ;
    %load/vec4 v0x584076ab1a00_0;
    %parti/s 1, 0, 2;
    %store/vec4 v0x584076ab1920_0, 0, 1;
    %jmp T_2.8;
T_2.1 ;
    %load/vec4 v0x584076ab1a00_0;
    %parti/s 1, 1, 2;
    %store/vec4 v0x584076ab1920_0, 0, 1;
    %jmp T_2.8;
T_2.2 ;
    %load/vec4 v0x584076ab1a00_0;
    %parti/s 1, 2, 3;
    %store/vec4 v0x584076ab1920_0, 0, 1;
    %jmp T_2.8;
T_2.3 ;
    %load/vec4 v0x584076ab1a00_0;
    %parti/s 1, 3, 3;
    %store/vec4 v0x584076ab1920_0, 0, 1;
    %jmp T_2.8;
T_2.4 ;
    %load/vec4 v0x584076ab1a00_0;
    %parti/s 1, 4, 4;
    %store/vec4 v0x584076ab1920_0, 0, 1;
    %jmp T_2.8;
T_2.5 ;
    %load/vec4 v0x584076ab1a00_0;
    %parti/s 1, 5, 4;
    %store/vec4 v0x584076ab1920_0, 0, 1;
    %jmp T_2.8;
T_2.6 ;
    %load/vec4 v0x584076ab1a00_0;
    %parti/s 1, 6, 4;
    %store/vec4 v0x584076ab1920_0, 0, 1;
    %jmp T_2.8;
T_2.7 ;
    %load/vec4 v0x584076ab1a00_0;
    %parti/s 1, 7, 4;
    %store/vec4 v0x584076ab1920_0, 0, 1;
    %jmp T_2.8;
T_2.8 ;
    %pop/vec4 1;
    %jmp T_2;
    .thread T_2, $push;
    .scope S_0x584076a943a0;
T_3 ;
    %vpi_call 2 17 "$dumpfile", "tb_sequential_select.vcd" {0 0 0};
    %vpi_call 2 18 "$dumpvars", 32'sb00000000000000000000000000000000, S_0x584076a943a0 {0 0 0};
    %delay 5, 0;
    %pushi/vec4 0, 0, 1;
    %store/vec4 v0x584076ab3130_0, 0, 1;
    %pushi/vec4 170, 0, 8;
    %store/vec4 v0x584076ab32c0_0, 0, 8;
    %pushi/vec4 1, 0, 1;
    %store/vec4 v0x584076ab3480_0, 0, 1;
    %delay 5, 0;
    %pushi/vec4 1, 0, 1;
    %store/vec4 v0x584076ab31f0_0, 0, 1;
    %delay 25, 0;
    %pushi/vec4 0, 0, 1;
    %store/vec4 v0x584076ab31f0_0, 0, 1;
    %delay 2000, 0;
    %pushi/vec4 0, 0, 1;
    %store/vec4 v0x584076ab3480_0, 0, 1;
    %delay 965, 0;
    %vpi_call 2 23 "$finish" {0 0 0};
    %end;
    .thread T_3;
    .scope S_0x584076a943a0;
T_4 ;
    %delay 50, 0;
    %load/vec4 v0x584076ab3130_0;
    %inv;
    %store/vec4 v0x584076ab3130_0, 0, 1;
    %jmp T_4;
    .thread T_4;
# The file index is used to find the file name in the following table.
:file_names 6;
    "N/A";
    "<interactive>";
    "tb_sequential_select.v";
    "sequential_select.v";
    "../counter_3bit/counter_3bit.v";
    "../mux_8_1/mux_8_1.v";
