#! /usr/local/bin/vvp
:ivl_version "11.0 (stable)" "(v11_0-132-gb2f2414f4)";
:ivl_delay_selection "TYPICAL";
:vpi_time_precision + 0;
:vpi_module "/usr/local/lib/ivl/system.vpi";
:vpi_module "/usr/local/lib/ivl/vhdl_sys.vpi";
:vpi_module "/usr/local/lib/ivl/vhdl_textio.vpi";
:vpi_module "/usr/local/lib/ivl/v2005_math.vpi";
:vpi_module "/usr/local/lib/ivl/va_math.vpi";
S_0x59f499e9dad0 .scope module, "tb_mux_8_1" "tb_mux_8_1" 2 1;
 .timescale 0 0;
v0x59f499eb0640_0 .var "in", 7 0;
v0x59f499eb0730_0 .net "out", 0 0, v0x59f499e64230_0;  1 drivers
v0x59f499eb0800_0 .var "sel", 2 0;
S_0x59f499e9dc60 .scope module, "uut" "mux_8_1" 2 7, 3 1 0, S_0x59f499e9dad0;
 .timescale 0 0;
    .port_info 0 /OUTPUT 1 "f";
    .port_info 1 /INPUT 3 "sel";
    .port_info 2 /INPUT 8 "i";
v0x59f499e64230_0 .var "f", 0 0;
v0x59f499eb0420_0 .net "i", 7 0, v0x59f499eb0640_0;  1 drivers
v0x59f499eb0500_0 .net "sel", 2 0, v0x59f499eb0800_0;  1 drivers
E_0x59f499e9bab0 .event edge, v0x59f499eb0500_0, v0x59f499eb0420_0;
    .scope S_0x59f499e9dc60;
T_0 ;
    %wait E_0x59f499e9bab0;
    %load/vec4 v0x59f499eb0500_0;
    %dup/vec4;
    %pushi/vec4 0, 0, 3;
    %cmp/u;
    %jmp/1 T_0.0, 6;
    %dup/vec4;
    %pushi/vec4 1, 0, 3;
    %cmp/u;
    %jmp/1 T_0.1, 6;
    %dup/vec4;
    %pushi/vec4 2, 0, 3;
    %cmp/u;
    %jmp/1 T_0.2, 6;
    %dup/vec4;
    %pushi/vec4 3, 0, 3;
    %cmp/u;
    %jmp/1 T_0.3, 6;
    %dup/vec4;
    %pushi/vec4 4, 0, 3;
    %cmp/u;
    %jmp/1 T_0.4, 6;
    %dup/vec4;
    %pushi/vec4 5, 0, 3;
    %cmp/u;
    %jmp/1 T_0.5, 6;
    %dup/vec4;
    %pushi/vec4 6, 0, 3;
    %cmp/u;
    %jmp/1 T_0.6, 6;
    %dup/vec4;
    %pushi/vec4 7, 0, 3;
    %cmp/u;
    %jmp/1 T_0.7, 6;
    %jmp T_0.8;
T_0.0 ;
    %load/vec4 v0x59f499eb0420_0;
    %parti/s 1, 0, 2;
    %store/vec4 v0x59f499e64230_0, 0, 1;
    %jmp T_0.8;
T_0.1 ;
    %load/vec4 v0x59f499eb0420_0;
    %parti/s 1, 1, 2;
    %store/vec4 v0x59f499e64230_0, 0, 1;
    %jmp T_0.8;
T_0.2 ;
    %load/vec4 v0x59f499eb0420_0;
    %parti/s 1, 2, 3;
    %store/vec4 v0x59f499e64230_0, 0, 1;
    %jmp T_0.8;
T_0.3 ;
    %load/vec4 v0x59f499eb0420_0;
    %parti/s 1, 3, 3;
    %store/vec4 v0x59f499e64230_0, 0, 1;
    %jmp T_0.8;
T_0.4 ;
    %load/vec4 v0x59f499eb0420_0;
    %parti/s 1, 4, 4;
    %store/vec4 v0x59f499e64230_0, 0, 1;
    %jmp T_0.8;
T_0.5 ;
    %load/vec4 v0x59f499eb0420_0;
    %parti/s 1, 5, 4;
    %store/vec4 v0x59f499e64230_0, 0, 1;
    %jmp T_0.8;
T_0.6 ;
    %load/vec4 v0x59f499eb0420_0;
    %parti/s 1, 6, 4;
    %store/vec4 v0x59f499e64230_0, 0, 1;
    %jmp T_0.8;
T_0.7 ;
    %load/vec4 v0x59f499eb0420_0;
    %parti/s 1, 7, 4;
    %store/vec4 v0x59f499e64230_0, 0, 1;
    %jmp T_0.8;
T_0.8 ;
    %pop/vec4 1;
    %jmp T_0;
    .thread T_0, $push;
    .scope S_0x59f499e9dad0;
T_1 ;
    %vpi_call 2 15 "$dumpfile", "tb_mux_8_1.vcd" {0 0 0};
    %vpi_call 2 16 "$dumpvars", 32'sb00000000000000000000000000000000, S_0x59f499e9dad0 {0 0 0};
    %delay 5, 0;
    %pushi/vec4 0, 0, 3;
    %store/vec4 v0x59f499eb0800_0, 0, 3;
    %pushi/vec4 1, 0, 8;
    %store/vec4 v0x59f499eb0640_0, 0, 8;
    %delay 10, 0;
    %pushi/vec4 0, 0, 8;
    %store/vec4 v0x59f499eb0640_0, 0, 8;
    %delay 15, 0;
    %pushi/vec4 6, 0, 3;
    %store/vec4 v0x59f499eb0800_0, 0, 3;
    %delay 20, 0;
    %pushi/vec4 64, 0, 8;
    %store/vec4 v0x59f499eb0640_0, 0, 8;
    %delay 25, 0;
    %pushi/vec4 16, 0, 8;
    %store/vec4 v0x59f499eb0640_0, 0, 8;
    %delay 50, 0;
    %vpi_call 2 22 "$finish" {0 0 0};
    %end;
    .thread T_1;
# The file index is used to find the file name in the following table.
:file_names 4;
    "N/A";
    "<interactive>";
    "tb_mux_8_1.v";
    "mux_8_1.v";
