#! /usr/local/bin/vvp
:ivl_version "11.0 (stable)" "(v11_0-132-gb2f2414f4)";
:ivl_delay_selection "TYPICAL";
:vpi_time_precision + 0;
:vpi_module "/usr/local/lib/ivl/system.vpi";
:vpi_module "/usr/local/lib/ivl/vhdl_sys.vpi";
:vpi_module "/usr/local/lib/ivl/vhdl_textio.vpi";
:vpi_module "/usr/local/lib/ivl/v2005_math.vpi";
:vpi_module "/usr/local/lib/ivl/va_math.vpi";
S_0x5d6c2789c5a0 .scope module, "tb_counter_3bit" "tb_counter_3bit" 2 1;
 .timescale 0 0;
v0x5d6c278addb0_0 .var "clk", 0 0;
v0x5d6c278ade80_0 .net "ctr_out", 2 0, v0x5d6c278adbb0_0;  1 drivers
v0x5d6c278adf50_0 .var "rst", 0 0;
S_0x5d6c2789c730 .scope module, "uut" "counter_3bit" 2 7, 3 1 0, S_0x5d6c2789c5a0;
 .timescale 0 0;
    .port_info 0 /OUTPUT 3 "ctr";
    .port_info 1 /INPUT 1 "clk";
    .port_info 2 /INPUT 1 "rst";
v0x5d6c27862ce0_0 .net "clk", 0 0, v0x5d6c278addb0_0;  1 drivers
v0x5d6c278adbb0_0 .var "ctr", 2 0;
v0x5d6c278adc90_0 .net "rst", 0 0, v0x5d6c278adf50_0;  1 drivers
E_0x5d6c27863750 .event posedge, v0x5d6c278adc90_0, v0x5d6c27862ce0_0;
    .scope S_0x5d6c2789c730;
T_0 ;
    %pushi/vec4 0, 0, 3;
    %store/vec4 v0x5d6c278adbb0_0, 0, 3;
    %end;
    .thread T_0;
    .scope S_0x5d6c2789c730;
T_1 ;
    %wait E_0x5d6c27863750;
    %load/vec4 v0x5d6c278adc90_0;
    %flag_set/vec4 8;
    %jmp/0xz  T_1.0, 8;
    %pushi/vec4 0, 0, 3;
    %assign/vec4 v0x5d6c278adbb0_0, 0;
    %jmp T_1.1;
T_1.0 ;
    %load/vec4 v0x5d6c278adbb0_0;
    %addi 1, 0, 3;
    %assign/vec4 v0x5d6c278adbb0_0, 0;
T_1.1 ;
    %jmp T_1;
    .thread T_1;
    .scope S_0x5d6c2789c5a0;
T_2 ;
    %vpi_call 2 15 "$dumpfile", "tb_counter_3bit.vcd" {0 0 0};
    %vpi_call 2 16 "$dumpvars", 32'sb00000000000000000000000000000000, S_0x5d6c2789c5a0 {0 0 0};
    %delay 5, 0;
    %pushi/vec4 0, 0, 1;
    %store/vec4 v0x5d6c278addb0_0, 0, 1;
    %pushi/vec4 0, 0, 1;
    %store/vec4 v0x5d6c278adf50_0, 0, 1;
    %delay 1300, 0;
    %pushi/vec4 1, 0, 1;
    %store/vec4 v0x5d6c278adf50_0, 0, 1;
    %delay 100, 0;
    %pushi/vec4 0, 0, 1;
    %store/vec4 v0x5d6c278adf50_0, 0, 1;
    %delay 1600, 0;
    %vpi_call 2 20 "$finish" {0 0 0};
    %end;
    .thread T_2;
    .scope S_0x5d6c2789c5a0;
T_3 ;
    %delay 50, 0;
    %load/vec4 v0x5d6c278addb0_0;
    %inv;
    %store/vec4 v0x5d6c278addb0_0, 0, 1;
    %jmp T_3;
    .thread T_3;
# The file index is used to find the file name in the following table.
:file_names 4;
    "N/A";
    "<interactive>";
    "tb_counter_3bit.v";
    "counter_3bit.v";
