#! /usr/local/bin/vvp
:ivl_version "11.0 (stable)" "(v11_0-132-gb2f2414f4)";
:ivl_delay_selection "TYPICAL";
:vpi_time_precision + 0;
:vpi_module "/usr/local/lib/ivl/system.vpi";
:vpi_module "/usr/local/lib/ivl/vhdl_sys.vpi";
:vpi_module "/usr/local/lib/ivl/vhdl_textio.vpi";
:vpi_module "/usr/local/lib/ivl/v2005_math.vpi";
:vpi_module "/usr/local/lib/ivl/va_math.vpi";
S_0x598b67496f70 .scope module, "tb_alu_8bit" "tb_alu_8bit" 2 1;
 .timescale 0 0;
v0x598b674aa930_0 .var "aluControl", 2 0;
v0x598b674aaa10_0 .var "ra", 7 0;
v0x598b674aaae0_0 .var "rb", 7 0;
v0x598b674aabe0_0 .net "rd", 7 0, v0x598b674aa7a0_0;  1 drivers
S_0x598b67497100 .scope module, "uut" "alu_8bit" 2 7, 3 11 0, S_0x598b67496f70;
 .timescale 0 0;
    .port_info 0 /OUTPUT 8 "rd";
    .port_info 1 /INPUT 3 "aluControl";
    .port_info 2 /INPUT 8 "ra";
    .port_info 3 /INPUT 8 "rb";
v0x598b6745d230_0 .net "aluControl", 2 0, v0x598b674aa930_0;  1 drivers
v0x598b674aa5d0_0 .net "ra", 7 0, v0x598b674aaa10_0;  1 drivers
v0x598b674aa6b0_0 .net "rb", 7 0, v0x598b674aaae0_0;  1 drivers
v0x598b674aa7a0_0 .var "rd", 7 0;
E_0x598b674950b0 .event edge, v0x598b6745d230_0, v0x598b674aa5d0_0, v0x598b674aa6b0_0;
    .scope S_0x598b67497100;
T_0 ;
    %wait E_0x598b674950b0;
    %load/vec4 v0x598b6745d230_0;
    %dup/vec4;
    %pushi/vec4 2, 0, 3;
    %cmp/u;
    %jmp/1 T_0.0, 6;
    %dup/vec4;
    %pushi/vec4 6, 0, 3;
    %cmp/u;
    %jmp/1 T_0.1, 6;
    %dup/vec4;
    %pushi/vec4 0, 0, 3;
    %cmp/u;
    %jmp/1 T_0.2, 6;
    %dup/vec4;
    %pushi/vec4 1, 0, 3;
    %cmp/u;
    %jmp/1 T_0.3, 6;
    %dup/vec4;
    %pushi/vec4 7, 0, 3;
    %cmp/u;
    %jmp/1 T_0.4, 6;
    %pushi/vec4 0, 0, 8;
    %store/vec4 v0x598b674aa7a0_0, 0, 8;
    %jmp T_0.6;
T_0.0 ;
    %load/vec4 v0x598b674aa5d0_0;
    %load/vec4 v0x598b674aa6b0_0;
    %add;
    %store/vec4 v0x598b674aa7a0_0, 0, 8;
    %jmp T_0.6;
T_0.1 ;
    %load/vec4 v0x598b674aa5d0_0;
    %load/vec4 v0x598b674aa6b0_0;
    %sub;
    %store/vec4 v0x598b674aa7a0_0, 0, 8;
    %jmp T_0.6;
T_0.2 ;
    %load/vec4 v0x598b674aa5d0_0;
    %load/vec4 v0x598b674aa6b0_0;
    %and;
    %store/vec4 v0x598b674aa7a0_0, 0, 8;
    %jmp T_0.6;
T_0.3 ;
    %load/vec4 v0x598b674aa5d0_0;
    %load/vec4 v0x598b674aa6b0_0;
    %or;
    %store/vec4 v0x598b674aa7a0_0, 0, 8;
    %jmp T_0.6;
T_0.4 ;
    %load/vec4 v0x598b674aa5d0_0;
    %load/vec4 v0x598b674aa6b0_0;
    %cmp/u;
    %jmp/0xz  T_0.7, 5;
    %pushi/vec4 1, 0, 8;
    %store/vec4 v0x598b674aa7a0_0, 0, 8;
    %jmp T_0.8;
T_0.7 ;
    %pushi/vec4 0, 0, 8;
    %store/vec4 v0x598b674aa7a0_0, 0, 8;
T_0.8 ;
    %jmp T_0.6;
T_0.6 ;
    %pop/vec4 1;
    %jmp T_0;
    .thread T_0, $push;
    .scope S_0x598b67496f70;
T_1 ;
    %vpi_call 2 16 "$dumpfile", "tb_alu_8bit.vcd" {0 0 0};
    %vpi_call 2 17 "$dumpvars", 32'sb00000000000000000000000000000000, S_0x598b67496f70 {0 0 0};
    %delay 5, 0;
    %pushi/vec4 5, 0, 3;
    %store/vec4 v0x598b674aa930_0, 0, 3;
    %pushi/vec4 15, 0, 8;
    %store/vec4 v0x598b674aaa10_0, 0, 8;
    %pushi/vec4 1, 0, 8;
    %store/vec4 v0x598b674aaae0_0, 0, 8;
    %delay 20, 0;
    %pushi/vec4 2, 0, 3;
    %store/vec4 v0x598b674aa930_0, 0, 3;
    %delay 25, 0;
    %pushi/vec4 0, 0, 3;
    %store/vec4 v0x598b674aa930_0, 0, 3;
    %delay 25, 0;
    %pushi/vec4 85, 0, 8;
    %store/vec4 v0x598b674aaa10_0, 0, 8;
    %pushi/vec4 15, 0, 8;
    %store/vec4 v0x598b674aaae0_0, 0, 8;
    %delay 25, 0;
    %pushi/vec4 5, 0, 3;
    %store/vec4 v0x598b674aa930_0, 0, 3;
    %delay 25, 0;
    %pushi/vec4 1, 0, 3;
    %store/vec4 v0x598b674aa930_0, 0, 3;
    %delay 25, 0;
    %vpi_call 2 24 "$finish" {0 0 0};
    %end;
    .thread T_1;
# The file index is used to find the file name in the following table.
:file_names 4;
    "N/A";
    "<interactive>";
    "tb_alu_8bit.v";
    "alu_8bit.v";
